# JRE version: OpenJDK Runtime Environment Temurin-21.0.6+7 (21.0.6+7) (build 21.0.6+7-LTS)
# Java VM: OpenJDK 64-Bit Server VM Temurin-21.0.6+7 (21.0.6+7-LTS, mixed mode, emulated-client, sharing, tiered, compressed oops, compressed class ptrs, g1 gc, windows-amd64)
GC Precious Log:
 CardTable entry size: 512
 Card Set container configuration: InlinePtr #cards 5 size 8 Array Of Cards #cards 12 size 40 Howl #buckets 4 coarsen threshold 1843 Howl Bitmap #cards 512 size 80 coarsen threshold 460 Card regions per heap region 1 cards per card region 2048
 CPUs: 20 total, 20 available
 Memory: 65300M
 Large Page Support: Disabled
 NUMA Support: Disabled
 Compressed Oops: Enabled (32-bit)
 Heap Region Size: 1M
 Heap Min Capacity: 8M
 Heap Initial Capacity: 1022M
 Heap Max Capacity: 1G
 Pre-touch: Disabled
 Parallel Workers: 15
 Concurrent Workers: 4
 Concurrent Refinement Workers: 15
 Periodic GC: Disabled
Heap:
 garbage-first heap   total 137216K, used 40411K [0x00000000c0000000, 0x0000000100000000)
  region size 1024K, 1 young (1024K), 0 survivors (0K)
 Metaspace       used 68468K, committed 69440K, reserved 1114112K
  class space    used 8460K, committed 8896K, reserved 1048576K
GC Heap History (20 events):
Event: 172506.603 GC heap after
{Heap after GC invocations=14566 (full 14337):
 garbage-first heap   total 137216K, used 40411K [0x00000000c0000000, 0x0000000100000000)
  region size 1024K, 0 young (0K), 0 survivors (0K)
 Metaspace       used 68468K, committed 69440K, reserved 1114112K
  class space    used 8460K, committed 8896K, reserved 1048576K
}
Event: 172516.700 GC heap before
{Heap before GC invocations=14566 (full 14337):
 garbage-first heap   total 137216K, used 40411K [0x00000000c0000000, 0x0000000100000000)
  region size 1024K, 1 young (1024K), 0 survivors (0K)
 Metaspace       used 68468K, committed 69440K, reserved 1114112K
  class space    used 8460K, committed 8896K, reserved 1048576K
}
Event: 172516.718 GC heap after
{Heap after GC invocations=14567 (full 14338):
 garbage-first heap   total 137216K, used 40411K [0x00000000c0000000, 0x0000000100000000)
  region size 1024K, 0 young (0K), 0 survivors (0K)
 Metaspace       used 68468K, committed 69440K, reserved 1114112K
  class space    used 8460K, committed 8896K, reserved 1048576K
}
Event: 172526.803 GC heap before
{Heap before GC invocations=14567 (full 14338):
 garbage-first heap   total 137216K, used 40411K [0x00000000c0000000, 0x0000000100000000)
  region size 1024K, 1 young (1024K), 0 survivors (0K)
 Metaspace       used 68468K, committed 69440K, reserved 1114112K
  class space    used 8460K, committed 8896K, reserved 1048576K
}
Event: 172526.823 GC heap after
{Heap after GC invocations=14568 (full 14339):
 garbage-first heap   total 137216K, used 40411K [0x00000000c0000000, 0x0000000100000000)
  region size 1024K, 0 young (0K), 0 survivors (0K)
 Metaspace       used 68468K, committed 69440K, reserved 1114112K
  class space    used 8460K, committed 8896K, reserved 1048576K
}
Event: 172536.893 GC heap before
{Heap before GC invocations=14568 (full 14339):
 garbage-first heap   total 137216K, used 40411K [0x00000000c0000000, 0x0000000100000000)
  region size 1024K, 1 young (1024K), 0 survivors (0K)
 Metaspace       used 68468K, committed 69440K, reserved 1114112K
  class space    used 8460K, committed 8896K, reserved 1048576K
}
Event: 172536.911 GC heap after
{Heap after GC invocations=14569 (full 14340):
 garbage-first heap   total 137216K, used 40411K [0x00000000c0000000, 0x0000000100000000)
  region size 1024K, 0 young (0K), 0 survivors (0K)
 Metaspace       used 68468K, committed 69440K, reserved 1114112K
  class space    used 8460K, committed 8896K, reserved 1048576K
}
Event: 172547.000 GC heap before
{Heap before GC invocations=14569 (full 14340):
 garbage-first heap   total 137216K, used 40411K [0x00000000c0000000, 0x0000000100000000)
  region size 1024K, 1 young (1024K), 0 survivors (0K)
 Metaspace       used 68468K, committed 69440K, reserved 1114112K
  class space    used 8460K, committed 8896K, reserved 1048576K
}
Event: 172547.025 GC heap after
{Heap after GC invocations=14570 (full 14341):
 garbage-first heap   total 137216K, used 40411K [0x00000000c0000000, 0x0000000100000000)
  region size 1024K, 0 young (0K), 0 survivors (0K)
 Metaspace       used 68468K, committed 69440K, reserved 1114112K
  class space    used 8460K, committed 8896K, reserved 1048576K
}
Event: 172557.099 GC heap before
{Heap before GC invocations=14570 (full 14341):
 garbage-first heap   total 137216K, used 40411K [0x00000000c0000000, 0x0000000100000000)
  region size 1024K, 1 young (1024K), 0 survivors (0K)
 Metaspace       used 68468K, committed 69440K, reserved 1114112K
  class space    used 8460K, committed 8896K, reserved 1048576K
}
Event: 172557.118 GC heap after
{Heap after GC invocations=14571 (full 14342):
 garbage-first heap   total 137216K, used 40411K [0x00000000c0000000, 0x0000000100000000)
  region size 1024K, 0 young (0K), 0 survivors (0K)
 Metaspace       used 68468K, committed 69440K, reserved 1114112K
  class space    used 8460K, committed 8896K, reserved 1048576K
}
Event: 172567.226 GC heap before
{Heap before GC invocations=14571 (full 14342):
 garbage-first heap   total 137216K, used 40411K [0x00000000c0000000, 0x0000000100000000)
  region size 1024K, 1 young (1024K), 0 survivors (0K)
 Metaspace       used 68468K, committed 69440K, reserved 1114112K
  class space    used 8460K, committed 8896K, reserved 1048576K
}
Event: 172567.246 GC heap after
{Heap after GC invocations=14572 (full 14343):
 garbage-first heap   total 137216K, used 40411K [0x00000000c0000000, 0x0000000100000000)
  region size 1024K, 0 young (0K), 0 survivors (0K)
 Metaspace       used 68468K, committed 69440K, reserved 1114112K
  class space    used 8460K, committed 8896K, reserved 1048576K
}
Event: 172577.353 GC heap before
{Heap before GC invocations=14572 (full 14343):
 garbage-first heap   total 137216K, used 40411K [0x00000000c0000000, 0x0000000100000000)
  region size 1024K, 1 young (1024K), 0 survivors (0K)
 Metaspace       used 68468K, committed 69440K, reserved 1114112K
  class space    used 8460K, committed 8896K, reserved 1048576K
}
Event: 172577.377 GC heap after
{Heap after GC invocations=14573 (full 14344):
 garbage-first heap   total 137216K, used 40411K [0x00000000c0000000, 0x0000000100000000)
  region size 1024K, 0 young (0K), 0 survivors (0K)
 Metaspace       used 68468K, committed 69440K, reserved 1114112K
  class space    used 8460K, committed 8896K, reserved 1048576K
}
Event: 172587.471 GC heap before
{Heap before GC invocations=14573 (full 14344):
 garbage-first heap   total 137216K, used 40411K [0x00000000c0000000, 0x0000000100000000)
  region size 1024K, 1 young (1024K), 0 survivors (0K)
 Metaspace       used 68468K, committed 69440K, reserved 1114112K
  class space    used 8460K, committed 8896K, reserved 1048576K
}
Event: 172587.491 GC heap after
{Heap after GC invocations=14574 (full 14345):
 garbage-first heap   total 137216K, used 40411K [0x00000000c0000000, 0x0000000100000000)
  region size 1024K, 0 young (0K), 0 survivors (0K)
 Metaspace       used 68468K, committed 69440K, reserved 1114112K
  class space    used 8460K, committed 8896K, reserved 1048576K
}
Event: 172597.598 GC heap before
{Heap before GC invocations=14574 (full 14345):
 garbage-first heap   total 137216K, used 40411K [0x00000000c0000000, 0x0000000100000000)
  region size 1024K, 1 young (1024K), 0 survivors (0K)
 Metaspace       used 68468K, committed 69440K, reserved 1114112K
  class space    used 8460K, committed 8896K, reserved 1048576K
}
Event: 172597.615 GC heap after
{Heap after GC invocations=14575 (full 14346):
 garbage-first heap   total 137216K, used 40411K [0x00000000c0000000, 0x0000000100000000)
  region size 1024K, 0 young (0K), 0 survivors (0K)
 Metaspace       used 68468K, committed 69440K, reserved 1114112K
  class space    used 8460K, committed 8896K, reserved 1048576K
}
Event: 172607.710 GC heap before
{Heap before GC invocations=14575 (full 14346):
 garbage-first heap   total 137216K, used 40411K [0x00000000c0000000, 0x0000000100000000)
  region size 1024K, 1 young (1024K), 0 survivors (0K)
 Metaspace       used 68468K, committed 69440K, reserved 1114112K
  class space    used 8460K, committed 8896K, reserved 1048576K
}

